<?xml version="1.0" encoding="UTF-8"?>
<!-- Generated by org.testng.reporters.JUnitReportReporter -->
<testsuite skipped="0" hostname="HariDarshana" name="testCases.TarladalalWebScrapping" tests="2" failures="0" timestamp="2023-04-19T16:23:35 CDT" time="150.844" errors="0">
  <testcase name="jobSearchTestCase" time="16.120" classname="testCases.TarladalalWebScrapping"/>
  <system-out/>
  <testcase name="readFromExcel" time="134.724" classname="testCases.TarladalalWebScrapping"/>
  <system-out/>
</testsuite> <!-- testCases.TarladalalWebScrapping -->
