<?xml version="1.0" encoding="UTF-8"?>
<!-- Generated by org.testng.reporters.JUnitReportReporter -->
<testsuite skipped="0" hostname="HariDarshana" name="ScrapTestCases.AllergyScrapping" tests="1" failures="0" timestamp="2023-04-25T13:42:24 CDT" time="19.444" errors="0">
  <testcase name="allergy" time="19.444" classname="ScrapTestCases.AllergyScrapping"/>
  <system-out/>
</testsuite> <!-- ScrapTestCases.AllergyScrapping -->
