<?xml version="1.0" encoding="UTF-8"?>
<!-- Generated by org.testng.reporters.JUnitReportReporter -->
<testsuite skipped="0" hostname="HariDarshana" name="testCases.JainDiabetic" tests="2" failures="0" timestamp="2023-04-20T14:56:04 CDT" time="28.411" errors="0">
  <testcase name="jobSearchTestCase" time="8.255" classname="testCases.JainDiabetic"/>
  <system-out/>
  <testcase name="readFromExcel" time="20.156" classname="testCases.JainDiabetic"/>
  <system-out/>
</testsuite> <!-- testCases.JainDiabetic -->
