<?xml version="1.0" encoding="UTF-8"?>
<!-- Generated by org.testng.reporters.JUnitReportReporter -->
<testsuite skipped="0" hostname="HariDarshana" name="Eli.DDT" tests="4" failures="0" timestamp="2023-04-22T16:48:39 CDT" time="1746.854" errors="0">
  <testcase name="loginWithInput" time="412.338" classname="Eli.DDT"/>
  <system-out/>
  <testcase name="loginWithInput" time="446.603" classname="Eli.DDT"/>
  <system-out/>
  <testcase name="loginWithInput" time="491.046" classname="Eli.DDT"/>
  <system-out/>
  <testcase name="loginWithInput" time="396.867" classname="Eli.DDT"/>
  <system-out/>
</testsuite> <!-- Eli.DDT -->
