<?xml version="1.0" encoding="UTF-8"?>
<!-- Generated by org.testng.reporters.JUnitReportReporter -->
<testsuite skipped="0" hostname="HariDarshana" name="testCases.DDT" tests="1" failures="0" timestamp="2023-04-22T10:51:18 CDT" time="2138.812" errors="0">
  <testcase name="loginWithInput" time="2138.812" classname="testCases.DDT"/>
  <system-out/>
</testsuite> <!-- testCases.DDT -->
