<?xml version="1.0" encoding="UTF-8"?>
<!-- Generated by org.testng.reporters.JUnitReportReporter -->
<testsuite skipped="0" hostname="HariDarshana" name="testCases.JainDiabetic" tests="2" failures="0" timestamp="2023-04-22T22:51:04 CDT" time="37.873" errors="0">
  <testcase name="jobSearchTestCase" time="14.259" classname="testCases.JainDiabetic"/>
  <system-out/>
  <testcase name="readFromExcel" time="23.614" classname="testCases.JainDiabetic"/>
  <system-out/>
</testsuite> <!-- testCases.JainDiabetic -->
