<?xml version="1.0" encoding="UTF-8"?>
<!-- Generated by org.testng.reporters.JUnitReportReporter -->
<testsuite hostname="HariDarshana" failures="0" tests="1" name="Selenium.Covid" time="48.193" errors="0" timestamp="2023-03-28T09:55:07 CDT" skipped="0">
  <testcase classname="Selenium.Covid" name="covidSafe" time="48.193"/>
  <system-out/>
</testsuite> <!-- Selenium.Covid -->
