<?xml version="1.0" encoding="UTF-8"?>
<!-- Generated by org.testng.reporters.JUnitReportReporter -->
<testsuite hostname="HariDarshana" failures="0" tests="2" name="myproject.AppTest" time="0.031" errors="0" timestamp="2022-12-04T21:43:18 CST" skipped="0">
  <testcase classname="myproject.AppTest" name="testlogin2" time="0.002"/>
  <system-out/>
  <testcase classname="myproject.AppTest" name="testlogin1" time="0.029"/>
  <system-out/>
</testsuite> <!-- myproject.AppTest -->
