<?xml version="1.0" encoding="UTF-8"?>
<!-- Generated by org.testng.reporters.JUnitReportReporter -->
<testsuite skipped="0" hostname="HariDarshana" name="rekaTDD.TDD_TestDataDriven" tests="5" failures="0" timestamp="2023-03-19T19:23:42 CDT" time="0.064" errors="0">
  <testcase name="testDivideByZero" time="0.017" classname="rekaTDD.TDD_TestDataDriven"/>
  <system-out/>
  <testcase name="testDivide" time="0.004" classname="rekaTDD.TDD_TestDataDriven"/>
  <system-out/>
  <testcase name="testSubtract" time="0.012" classname="rekaTDD.TDD_TestDataDriven"/>
  <system-out/>
  <testcase name="testAdd" time="0.026" classname="rekaTDD.TDD_TestDataDriven"/>
  <system-out/>
  <testcase name="testMultiply" time="0.005" classname="rekaTDD.TDD_TestDataDriven"/>
  <system-out/>
</testsuite> <!-- rekaTDD.TDD_TestDataDriven -->
