<?xml version="1.0" encoding="UTF-8"?>
<!-- Generated by org.testng.reporters.JUnitReportReporter -->
<testsuite skipped="0" hostname="HariDarshana" name="selenium.OrderOfExecution" tests="3" failures="0" timestamp="2023-03-20T12:26:05 CDT" time="0.019" errors="0">
  <testcase name="method1" time="0.014" classname="selenium.OrderOfExecution"/>
  <system-out/>
  <testcase name="method3" time="0.002" classname="selenium.OrderOfExecution"/>
  <system-out/>
  <testcase name="method2" time="0.003" classname="selenium.OrderOfExecution"/>
  <system-out/>
</testsuite> <!-- selenium.OrderOfExecution -->
