<?xml version="1.0" encoding="UTF-8"?>
<!-- Generated by org.testng.reporters.JUnitReportReporter -->
<testsuite skipped="0" hostname="HariDarshana" name="selenium.Covid" tests="1" failures="0" timestamp="2023-03-17T22:20:12 CDT" time="50.074" errors="0">
  <testcase name="covidSafe" time="50.074" classname="selenium.Covid"/>
  <system-out/>
</testsuite> <!-- selenium.Covid -->
