<?xml version="1.0" encoding="UTF-8"?>
<!-- Generated by org.testng.reporters.JUnitReportReporter -->
<testsuite hostname="HariDarshana" failures="0" tests="1" name="interview.AllLinksInPage" time="16.727" errors="0" timestamp="2023-01-08T18:30:44 CST" skipped="0">
  <testcase classname="interview.AllLinksInPage" name="links" time="16.727"/>
  <system-out/>
</testsuite> <!-- interview.AllLinksInPage -->
