<?xml version="1.0" encoding="UTF-8"?>
<!-- Generated by org.testng.reporters.JUnitReportReporter -->
<testsuite hostname="HariDarshana" failures="0" tests="4" name="datadriventesting.UsingDataInCode" time="42.363" errors="0" timestamp="2022-12-02T19:04:20 CST" skipped="0">
  <testcase classname="datadriventesting.UsingDataInCode" name="usingCode" time="7.869"/>
  <system-out/>
  <testcase classname="datadriventesting.UsingDataInCode" name="usingCode" time="8.587"/>
  <system-out/>
  <testcase classname="datadriventesting.UsingDataInCode" name="usingCode" time="16.480"/>
  <system-out/>
  <testcase classname="datadriventesting.UsingDataInCode" name="usingCode" time="9.427"/>
  <system-out/>
</testsuite> <!-- datadriventesting.UsingDataInCode -->
