<?xml version="1.0" encoding="UTF-8"?>
<!-- Generated by org.testng.reporters.JUnitReportReporter -->
<testsuite skipped="0" hostname="HariDarshana" name="interview.FileSeperator" tests="1" failures="0" timestamp="2023-03-29T17:43:34 CDT" time="0.022" errors="0">
  <testcase name="separator" time="0.022" classname="interview.FileSeperator"/>
  <system-out/>
</testsuite> <!-- interview.FileSeperator -->
