<?xml version="1.0" encoding="UTF-8"?>
<!-- Generated by org.testng.reporters.JUnitReportReporter -->
<testsuite hostname="HariDarshana" failures="0" tests="1" name="selenium.FileDownload" time="13.589" errors="0" timestamp="2022-12-03T22:27:25 CST" skipped="0">
  <testcase classname="selenium.FileDownload" name="downloadFile" time="13.589"/>
  <system-out/>
</testsuite> <!-- selenium.FileDownload -->
