<?xml version="1.0" encoding="UTF-8"?>
<!-- Generated by org.testng.reporters.JUnitReportReporter -->
<testsuite hostname="HariDarshana" failures="0" tests="4" name="dataDrivenJXL.UsingJXL" time="9.390" errors="0" timestamp="2022-12-02T23:42:45 CST" skipped="0">
  <testcase classname="dataDrivenJXL.UsingJXL" name="loginTestCase" time="4.552"/>
  <system-out/>
  <testcase classname="dataDrivenJXL.UsingJXL" name="loginTestCase" time="1.284"/>
  <system-out/>
  <testcase classname="dataDrivenJXL.UsingJXL" name="loginTestCase" time="2.067"/>
  <system-out/>
  <testcase classname="dataDrivenJXL.UsingJXL" name="loginTestCase" time="1.487"/>
  <system-out/>
</testsuite> <!-- dataDrivenJXL.UsingJXL -->
