<?xml version="1.0" encoding="UTF-8"?>
<!-- Generated by org.testng.reporters.JUnitReportReporter -->
<testsuite hostname="HariDarshana" failures="0" tests="1" name="datadriventesting.UsingParameter" time="19.236" errors="0" timestamp="2022-12-02T16:43:25 CST" skipped="0">
  <testcase classname="datadriventesting.UsingParameter" name="loginTestCase" time="19.236"/>
  <system-out/>
</testsuite> <!-- datadriventesting.UsingParameter -->
