<?xml version="1.0" encoding="UTF-8"?>
<!-- Generated by org.testng.reporters.JUnitReportReporter -->
<testsuite skipped="0" hostname="HariDarshana" name="ScrapTestCases.Diabetic_Allergy_ToAdd_Scrapping" tests="1" failures="0" timestamp="2023-05-09T11:16:30 CDT" time="15.778" errors="0">
  <testcase name="allergy" time="15.778" classname="ScrapTestCases.Diabetic_Allergy_ToAdd_Scrapping"/>
  <system-out/>
</testsuite> <!-- ScrapTestCases.Diabetic_Allergy_ToAdd_Scrapping -->
