<?xml version="1.0" encoding="UTF-8"?>
<!-- Generated by org.testng.reporters.JUnitReportReporter -->
<testsuite hostname="DESKTOP-RGL4EEL" failures="0" tests="2" name="testCases.TarladalalWebScrapping" time="115.247" errors="0" timestamp="2023-04-20T12:54:59 EDT" skipped="0">
  <testcase classname="testCases.TarladalalWebScrapping" name="jobSearchTestCase" time="3.931"/>
  <system-out/>
  <testcase classname="testCases.TarladalalWebScrapping" name="readFromExcel" time="111.316"/>
  <system-out/>
</testsuite> <!-- testCases.TarladalalWebScrapping -->
