<?xml version="1.0" encoding="UTF-8"?>
<!-- Generated by org.testng.reporters.JUnitReportReporter -->
<testsuite skipped="0" hostname="HariDarshana" name="Eli.AllergyScrapping" tests="1" failures="0" timestamp="2023-04-25T00:18:56 CDT" time="13.137" errors="0">
  <testcase name="allergy" time="13.137" classname="Eli.AllergyScrapping"/>
  <system-out/>
</testsuite> <!-- Eli.AllergyScrapping -->
