<?xml version="1.0" encoding="UTF-8"?>
<!-- Generated by org.testng.reporters.JUnitReportReporter -->
<testsuite hostname="DESKTOP-RGL4EEL" failures="0" tests="4" name="testCases.AllFoodCategoriesDiabetic" time="122.564" errors="0" timestamp="2023-04-21T15:16:40 EDT" skipped="0">
  <testcase classname="testCases.AllFoodCategoriesDiabetic" name="loginWithInput" time="15.484"/>
  <system-out/>
  <testcase classname="testCases.AllFoodCategoriesDiabetic" name="loginWithInput" time="15.527"/>
  <system-out/>
  <testcase classname="testCases.AllFoodCategoriesDiabetic" name="loginWithInput" time="16.611"/>
  <system-out/>
  <testcase classname="testCases.AllFoodCategoriesDiabetic" name="loginWithInput" time="74.942"/>
  <system-out/>
</testsuite> <!-- testCases.AllFoodCategoriesDiabetic -->
