<?xml version="1.0" encoding="UTF-8"?>
<!-- Generated by org.testng.reporters.JUnitReportReporter -->
<testsuite skipped="0" hostname="HariDarshana" name="testCases.IndeedWebScrapping" tests="1" failures="0" timestamp="2023-04-17T13:52:24 CDT" time="96.129" errors="0">
  <testcase name="jobSearchTestCase" time="96.129" classname="testCases.IndeedWebScrapping"/>
  <system-out/>
</testsuite> <!-- testCases.IndeedWebScrapping -->
